2016-10-22 23:28:36,678 credit_or_debit_validate Transaction credit by user johnlennon for Checking of amount 50.0 was successfully committed
2016-10-22 23:29:01,632 credit_or_debit_validate Transaction debit by user johnlennon for Checking of amount 50.0 was successfully committed
2016-10-22 23:29:14,250 credit_or_debit_validate Transaction credit by user johnlennon for Savings of amount 50.0 was successfully committed
2016-10-22 23:29:20,182 credit_or_debit_validate Transaction debit by user johnlennon for Savings of amount 50.0 was successfully committed
2016-10-22 23:29:37,644 payment_or_transfer_validate Transaction payment by sender johnlennon from  Checking for 100.0 with new balance of 850.0 was sent to receiver garrettgutierrez in their Checking was successfully committed
2016-10-22 23:29:49,612 payment_or_transfer_validate Transaction payment by sender johnlennon from  Checking for 50.0 with new balance of 800.0 was sent to receiver garrettgutierrez in their Savings was successfully committed
2016-10-22 23:30:25,885 payment_or_transfer_validate Transaction payment by sender johnlennon from  Checking for 50.0 with new balance of 750.0 was sent to receiver garrettgutierrez in their Checking was successfully committed
2016-10-22 23:30:44,711 payment_or_transfer_validate Transaction payment by sender johnlennon from  Savings for 50.0 with new balance of 900.0 was sent to receiver garrettgutierrez in their Checking was successfully committed
2016-10-22 23:31:04,631 payment_or_transfer_validate Transaction transfer by sender johnlennon from  Checking for 10.0 with new balance of 740.0 was sent to receiver garrettgutierrez in their Checking was successfully committed
2016-10-22 23:31:12,018 payment_or_transfer_validate Transaction transfer by sender johnlennon from  Checking for 10.0 with new balance of 730.0 was sent to receiver garrettgutierrez in their Savings was successfully committed
2016-10-22 23:31:42,395 payment_or_transfer_validate Transaction transfer by sender johnlennon from  Savings for 10.0 with new balance of 890.0 was sent to receiver garrettgutierrez in their Checking was successfully committed
2016-10-22 23:31:50,813 payment_or_transfer_validate Transaction transfer by sender johnlennon from  Savings for 10.0 with new balance of 880.0 was sent to receiver garrettgutierrez in their Savings was successfully committed
2016-10-22 23:32:06,645 payment_or_transfer_validate Transaction transfer by sender johnlennon from  Checking for 10.0 with new balance of 720.0 was sent to receiver garrettgutierrez in their Checking was successfully committed
2016-10-22 23:32:10,243 payment_or_transfer_validate Transaction transfer by sender johnlennon from  Checking for 10.0 with new balance of 710.0 was sent to receiver garrettgutierrez in their Savings was successfully committed
2016-10-22 23:32:50,185 credit_card_pay_late_fee_validate Transaction pay_late_fee by user johnlennon for 15.0 for their credit card was successfully created
2016-10-22 23:34:37,662 credit_card_credit_or_debit_validate Transaction credit_card_credit by user johnlennon has an invalidate final amount of 1100.0 to pay
2016-10-22 23:38:18,338 credit_card_credit_or_debit_validate Transaction credit_card_debit by user johnlennon  for 100.0 on their credit card was successfully created
2016-10-23 01:32:09,537 credit_or_debit_validate Transaction credit by user johnlennon for Checking of amount 1000.0 was successfully committed
2016-10-23 01:32:21,556 credit_card_pay_late_fee_validate Transaction pay_late_fee by user johnlennon for 15.0 for their credit card was successfully created
2016-10-23 02:01:57,567 credit_or_debit_validate Transaction credit by user johnlennon for Checking of amount 100.0 was successfully committed
2016-10-23 02:02:03,406 credit_or_debit_validate Transaction debit by user johnlennon for Checking of amount 1000.0 was successfully committed
