2016-10-23 01:25:08,686 validate_noncritical_transaction_approval Noncritical transaction 1 of type payment and description Transaction Type: payment,Sender Type: Individual Customer,Sender ID: 1,Sender Account Type: Checking,Sender Account ID: 1,Sender Routing ID: 1,Receiver Type: Merchant / Organization,Receiver ID: 2,Receiver Account Type: Checking,Receiver Account ID: 2,Receiver Routing ID: 2,Amount: 50.0,Sender Starting Balance: 1000.00,Sender Ending Balance: 950.0,Receiver Starting Balance: 0.00,Receiver Ending Balance: 50.0 was approved by internal user ringostarr 
2016-10-23 01:25:16,760 validate_noncritical_transaction_denial Noncritical transaction 2 of type payment and description Transaction Type: payment,Sender Type: Individual Customer,Sender ID: 1,Sender Account Type: Savings,Sender Account ID: 1,Sender Routing ID: 1,Receiver Type: Merchant / Organization,Receiver ID: 2,Receiver Account Type: Savings,Receiver Account ID: 2,Receiver Routing ID: 2,Amount: 50.0,Sender Starting Balance: 1000.00,Sender Ending Balance: 950.0,Receiver Starting Balance: 0.00,Receiver Ending Balance: 50.0 was denied by internal user ringostarr 
2016-10-23 01:25:26,361 validate_noncritical_transaction_approval Noncritical transaction 3 of type credit and description Transaction Type: debit,User Type: Individual Customer,User ID: 1,Account Type: Checking,Account ID: 1,Routing ID: 1,Amount: 50.0,Starting Balance: 950.00,Ending Balance: 1000.0 was approved by internal user ringostarr 
2016-10-23 01:25:27,465 validate_noncritical_transaction_approval Noncritical transaction 4 of type debit and description Transaction Type: debit,User Type: Individual Customer,User ID: 1,Account Type: Checking,Account ID: 1,Routing ID: 1,Amount: 50.0,Starting Balance: 1000.00,Ending Balance: 950.0 was approved by internal user ringostarr 
2016-10-23 01:25:28,636 validate_noncritical_transaction_approval Noncritical transaction 5 of type credit and description Transaction Type: debit,User Type: Individual Customer,User ID: 1,Account Type: Savings,Account ID: 1,Routing ID: 1,Amount: 50.0,Starting Balance: 950.00,Ending Balance: 1000.0 was approved by internal user ringostarr 
2016-10-23 01:25:29,773 validate_noncritical_transaction_approval Noncritical transaction 6 of type debit and description Transaction Type: debit,User Type: Individual Customer,User ID: 1,Account Type: Savings,Account ID: 1,Routing ID: 1,Amount: 50.0,Starting Balance: 1000.00,Ending Balance: 950.0 was approved by internal user ringostarr 
2016-10-23 01:25:31,059 validate_delete_noncritical_transaction Noncritical transaction None of type debit and description Transaction Type: debit,User Type: Individual Customer,User ID: 1,Account Type: Savings,Account ID: 1,Routing ID: 1,Amount: 50.0,Starting Balance: 1000.00,Ending Balance: 950.0 was deleted by internal user ringostarr 
2016-10-23 01:25:43,896 validate_noncritical_transaction_approval Noncritical transaction 7 of type payment and description Transaction Type: payment,Sender Type: Individual Customer,Sender ID: 1,Sender Account Type: Checking,Sender Account ID: 1,Sender Routing ID: 1,Receiver Type: Merchant / Organization,Receiver ID: 2,Receiver Account Type: Checking,Receiver Account ID: 2,Receiver Routing ID: 2,Amount: 100.0,Sender Starting Balance: 950.00,Sender Ending Balance: 850.0,Receiver Starting Balance: 50.00,Receiver Ending Balance: 150.0 was approved by internal user ringostarr 
2016-10-23 01:25:45,132 validate_noncritical_transaction_approval Noncritical transaction 8 of type payment and description Transaction Type: payment,Sender Type: Individual Customer,Sender ID: 1,Sender Account Type: Checking,Sender Account ID: 1,Sender Routing ID: 1,Receiver Type: Merchant / Organization,Receiver ID: 2,Receiver Account Type: Savings,Receiver Account ID: 2,Receiver Routing ID: 2,Amount: 50.0,Sender Starting Balance: 850.00,Sender Ending Balance: 800.0,Receiver Starting Balance: 50.00,Receiver Ending Balance: 100.0 was approved by internal user ringostarr 
2016-10-23 01:25:46,250 validate_noncritical_transaction_approval Noncritical transaction 9 of type payment and description Transaction Type: payment,Sender Type: Individual Customer,Sender ID: 1,Sender Account Type: Checking,Sender Account ID: 1,Sender Routing ID: 1,Receiver Type: Merchant / Organization,Receiver ID: 2,Receiver Account Type: Checking,Receiver Account ID: 2,Receiver Routing ID: 2,Amount: 50.0,Sender Starting Balance: 800.00,Sender Ending Balance: 750.0,Receiver Starting Balance: 150.00,Receiver Ending Balance: 200.0 was approved by internal user ringostarr 
2016-10-23 01:25:47,173 validate_noncritical_transaction_approval Noncritical transaction 10 of type payment and description Transaction Type: payment,Sender Type: Individual Customer,Sender ID: 1,Sender Account Type: Savings,Sender Account ID: 1,Sender Routing ID: 1,Receiver Type: Merchant / Organization,Receiver ID: 2,Receiver Account Type: Checking,Receiver Account ID: 2,Receiver Routing ID: 2,Amount: 50.0,Sender Starting Balance: 950.00,Sender Ending Balance: 900.0,Receiver Starting Balance: 200.00,Receiver Ending Balance: 250.0 was approved by internal user ringostarr 
2016-10-23 01:25:48,217 validate_noncritical_transaction_approval Noncritical transaction 11 of type transfer and description Transaction Type: transfer,Sender Type: Individual Customer,Sender ID: 1,Sender Account Type: Checking,Sender Account ID: 1,Sender Routing ID: 1,Receiver Type: Merchant / Organization,Receiver ID: 2,Receiver Account Type: Checking,Receiver Account ID: 2,Receiver Routing ID: 2,Amount: 10.0,Sender Starting Balance: 750.00,Sender Ending Balance: 740.0,Receiver Starting Balance: 250.00,Receiver Ending Balance: 260.0 was approved by internal user ringostarr 
2016-10-23 01:25:49,397 validate_noncritical_transaction_approval Noncritical transaction 12 of type transfer and description Transaction Type: transfer,Sender Type: Individual Customer,Sender ID: 1,Sender Account Type: Checking,Sender Account ID: 1,Sender Routing ID: 1,Receiver Type: Merchant / Organization,Receiver ID: 2,Receiver Account Type: Savings,Receiver Account ID: 2,Receiver Routing ID: 2,Amount: 10.0,Sender Starting Balance: 740.00,Sender Ending Balance: 730.0,Receiver Starting Balance: 100.00,Receiver Ending Balance: 110.0 was approved by internal user ringostarr 
2016-10-23 01:25:50,560 validate_noncritical_transaction_approval Noncritical transaction 13 of type transfer and description Transaction Type: transfer,Sender Type: Individual Customer,Sender ID: 1,Sender Account Type: Savings,Sender Account ID: 1,Sender Routing ID: 1,Receiver Type: Merchant / Organization,Receiver ID: 2,Receiver Account Type: Checking,Receiver Account ID: 2,Receiver Routing ID: 2,Amount: 10.0,Sender Starting Balance: 900.00,Sender Ending Balance: 890.0,Receiver Starting Balance: 260.00,Receiver Ending Balance: 270.0 was approved by internal user ringostarr 
2016-10-23 01:25:51,424 validate_noncritical_transaction_approval Noncritical transaction 14 of type transfer and description Transaction Type: transfer,Sender Type: Individual Customer,Sender ID: 1,Sender Account Type: Savings,Sender Account ID: 1,Sender Routing ID: 1,Receiver Type: Merchant / Organization,Receiver ID: 2,Receiver Account Type: Savings,Receiver Account ID: 2,Receiver Routing ID: 2,Amount: 10.0,Sender Starting Balance: 890.00,Sender Ending Balance: 880.0,Receiver Starting Balance: 110.00,Receiver Ending Balance: 120.0 was approved by internal user ringostarr 
2016-10-23 01:25:52,404 validate_noncritical_transaction_approval Noncritical transaction 15 of type transfer and description Transaction Type: transfer,Sender Type: Individual Customer,Sender ID: 1,Sender Account Type: Checking,Sender Account ID: 1,Sender Routing ID: 1,Receiver Type: Merchant / Organization,Receiver ID: 2,Receiver Account Type: Checking,Receiver Account ID: 2,Receiver Routing ID: 2,Amount: 10.0,Sender Starting Balance: 730.00,Sender Ending Balance: 720.0,Receiver Starting Balance: 270.00,Receiver Ending Balance: 280.0 was approved by internal user ringostarr 
2016-10-23 01:25:53,222 validate_noncritical_transaction_approval Noncritical transaction 16 of type transfer and description Transaction Type: transfer,Sender Type: Individual Customer,Sender ID: 1,Sender Account Type: Checking,Sender Account ID: 1,Sender Routing ID: 1,Receiver Type: Merchant / Organization,Receiver ID: 2,Receiver Account Type: Savings,Receiver Account ID: 2,Receiver Routing ID: 2,Amount: 10.0,Sender Starting Balance: 720.00,Sender Ending Balance: 710.0,Receiver Starting Balance: 120.00,Receiver Ending Balance: 130.0 was approved by internal user ringostarr 
2016-10-23 01:25:58,238 validate_delete_noncritical_transaction Noncritical transaction None of type pay_late_fee and description Transaction Type: pay_late_fee,User ID: 1,Amount: 15.0,Starting Balance: 15.0 was deleted by internal user ringostarr 
2016-10-23 01:25:59,198 validate_delete_noncritical_transaction Noncritical transaction None of type credit_card_debit and description Transaction Type: credit_card_debit,User ID: 1,Amount: 100.0,Starting Balance: 1000.0 was deleted by internal user ringostarr 
2016-10-23 01:26:16,498 validate_external_user_access_request User ringostarr has access to johnlennon's checking_account
2016-10-23 01:26:16,589 view_external_user_checking_account User ringostarr is viewing external user johnlennon's checking account
2016-10-23 01:26:27,895 validate_external_user_access_request User ringostarr has access to johnlennon's credit_card
2016-10-23 01:26:27,964 view_external_user_credit_card User ringostarr is viewing external user johnlennon's credit card
2016-10-23 01:27:08,865 validate_external_user_access_request User ringostarr has access to johnlennon's edit_profile
2016-10-23 01:27:08,929 edit_external_user_profile User ringostarr is editing external user johnlennon's profile 
2016-10-23 01:27:17,881 validate_profile_edit System manager ringostarr edited external user johnlennon's profile
2016-10-23 01:27:29,950 validate_external_user_access_request User ringostarr has access to johnlennon's profile
2016-10-23 01:27:30,013 view_external_user_profile User ringostarr is viewing external user johnlennon's profile
2016-10-23 01:27:51,075 validate_external_user_access_request User ringostarr has access to johnlennon's savings_account
2016-10-23 01:27:51,249 view_external_user_savings_account User ringostarr is viewing external user johnlennon's savings account
2016-10-23 01:28:16,647 validate_external_user_access_request User ringostarr has access to johnlennon's deactivate
2016-10-23 01:28:16,735 validate_deactivate_external_user User ringostarr deactivated external user johnlennon
2016-10-23 01:28:30,975 validate_external_user_access_request User ringostarr has access to johnlennon's reactivate
2016-10-23 01:28:31,077 validate_reactivate_external_user User ringostarr reactivated external user johnlennon
2016-10-23 01:29:33,594 validate_external_user_access_request User paulmccartney is requesting approval to access johnlennon's checking_account
2016-10-23 01:29:41,570 validate_external_user_access_request User paulmccartney is requesting approval to access johnlennon's credit_card
2016-10-23 01:29:52,696 validate_external_user_access_request User paulmccartney is requesting approval to access johnlennon's edit_profile
2016-10-23 01:30:01,855 validate_external_user_access_request User paulmccartney is requesting approval to access johnlennon's savings_account
2016-10-23 01:30:06,269 validate_external_user_access_request User paulmccartney is requesting approval to access johnlennon's profile
2016-10-23 01:30:46,416 validate_external_user_access_request User paulmccartney is requesting approval to access johnlennon's deactivate
2016-10-23 01:30:52,816 validate_external_user_access_request User paulmccartney is requesting approval to access johnlennon's reactivate
2016-10-23 01:33:30,925 validate_internal_noncritical_transaction_request External noncritical transaction 19 of type credit and description Transaction Type: debit,User Type: Individual Customer,User ID: 1,Account Type: Checking,Account ID: 1,Routing ID: 1,Amount: 1000.0,Starting Balance: 710.00,Ending Balance: 1710.0 was requested to be resolved by regular employee paulmccartney 
2016-10-23 01:40:48,096 validate_internal_noncritical_transaction_request Internal user paulmccartney tried to request for access to request access to resolve non-existant noncritical transaction 19
2016-10-23 01:40:58,319 validate_internal_noncritical_transaction_request Internal user paulmccartney tried to request for access to request access to resolve non-existant noncritical transaction 20
2016-10-23 01:48:24,885 validate_internal_noncritical_transaction_request Internal user paulmccartney tried to request for access to request access to resolve non-existant noncritical transaction 20
2016-10-23 01:49:02,593 validate_internal_noncritical_transaction_request Internal user paulmccartney tried to request for access to request access to resolve non-existant noncritical transaction 20
2016-10-23 01:50:15,918 validate_internal_noncritical_transaction_request External noncritical transaction 20 of type pay_late_fee and description Transaction Type: pay_late_fee,User ID: 1,Amount: 15.0,Starting Balance: 15.0 was requested to be resolved by regular employee paulmccartney 
2016-10-23 01:50:37,151 validate_internal_noncritical_transaction_request Internal user paulmccartney tried to request for access to request access to resolve non-existant noncritical transaction 19
2016-10-23 01:51:06,066 validate_external_noncritical_transaction_access_request_approval Internal transaction 1 of type transaction_access_request and description User: paulmccartney,Action: requests access to external non-critical transaction,Transaction ID: 19 for request to approve noncritical transaction 19 was approved by internal user georgeharrison 
2016-10-23 01:51:07,254 validate_external_noncritical_transaction_access_request_denial External transaction 2 of type transaction_access_request and description User: paulmccartney,Action: requests access to external non-critical transaction,Transaction ID: 20 was denied by internal user georgeharrison 
2016-10-23 01:58:04,268 validate_noncritical_transaction_approval Noncritical transaction 19 of type credit and description Transaction Type: debit,User Type: Individual Customer,User ID: 1,Account Type: Checking,Account ID: 1,Routing ID: 1,Amount: 1000.0,Starting Balance: 710.00,Ending Balance: 1710.0 was approved by internal user paulmccartney 
2016-10-23 02:02:56,752 validate_internal_noncritical_transaction_request External noncritical transaction 20 of type pay_late_fee and description Transaction Type: pay_late_fee,User ID: 1,Amount: 15.0,Starting Balance: 15.0 was requested to be resolved by regular employee paulmccartney 
2016-10-23 02:08:19,172 validate_internal_noncritical_transaction_request External noncritical transaction 21 of type credit and description Transaction Type: debit,User Type: Individual Customer,User ID: 1,Account Type: Checking,Account ID: 1,Routing ID: 1,Amount: 100.0,Starting Balance: 1710.00,Ending Balance: 1810.0 was requested to be resolved by regular employee paulmccartney 
2016-10-23 02:08:20,815 validate_internal_noncritical_transaction_request External noncritical transaction 22 of type debit and description Transaction Type: debit,User Type: Individual Customer,User ID: 1,Account Type: Checking,Account ID: 1,Routing ID: 1,Amount: 1000.0,Starting Balance: 1810.00,Ending Balance: 810.0 was requested to be resolved by regular employee paulmccartney 
2016-10-23 02:08:21,600 validate_internal_noncritical_transaction_request External noncritical transaction 22 of type debit and description Transaction Type: debit,User Type: Individual Customer,User ID: 1,Account Type: Checking,Account ID: 1,Routing ID: 1,Amount: 1000.0,Starting Balance: 1810.00,Ending Balance: 810.0 was requested to be resolved by regular employee paulmccartney 
2016-10-23 02:08:23,168 validate_internal_noncritical_transaction_request External noncritical transaction 22 of type debit and description Transaction Type: debit,User Type: Individual Customer,User ID: 1,Account Type: Checking,Account ID: 1,Routing ID: 1,Amount: 1000.0,Starting Balance: 1810.00,Ending Balance: 810.0 was requested to be resolved by regular employee paulmccartney 
2016-10-23 02:11:21,799 validate_internal_noncritical_transaction_request External noncritical transaction 22 of type debit and description Transaction Type: debit,User Type: Individual Customer,User ID: 1,Account Type: Checking,Account ID: 1,Routing ID: 1,Amount: 1000.0,Starting Balance: 1810.00,Ending Balance: 810.0 was requested to be resolved by regular employee paulmccartney 
2016-10-23 02:11:33,142 validate_internal_noncritical_transaction_request Internal user paulmccartney tried to request for access to request access to resolve non-existant noncritical transaction 22
2016-10-23 02:11:35,942 validate_internal_noncritical_transaction_request Internal user paulmccartney tried to request for access to request access to resolve non-existant noncritical transaction 20
2016-10-23 02:11:38,443 validate_internal_noncritical_transaction_request Internal user paulmccartney tried to request for access to request access to resolve non-existant noncritical transaction 21
2016-10-23 02:11:49,585 validate_external_noncritical_transaction_access_request_approval Internal transaction 3 of type transaction_access_request and description User: paulmccartney,Action: requests access to external non-critical transaction,Transaction ID: 20 for request to approve noncritical transaction 20 was approved by internal user georgeharrison 
2016-10-23 02:11:50,694 validate_external_noncritical_transaction_access_request_approval Internal transaction 4 of type transaction_access_request and description User: paulmccartney,Action: requests access to external non-critical transaction,Transaction ID: 21 for request to approve noncritical transaction 21 was approved by internal user georgeharrison 
2016-10-23 02:11:51,857 validate_external_noncritical_transaction_access_request_denial External transaction 8 of type transaction_access_request and description User: paulmccartney,Action: requests access to external non-critical transaction,Transaction ID: 22 was denied by internal user georgeharrison 
2016-10-23 02:11:58,273 validate_noncritical_transaction_approval Noncritical transaction 20 of type pay_late_fee and description Transaction Type: pay_late_fee,User ID: 1,Amount: 15.0,Starting Balance: 15.0 was approved by internal user paulmccartney 
2016-10-23 02:12:08,554 validate_noncritical_transaction_denial Noncritical transaction 21 of type credit and description Transaction Type: debit,User Type: Individual Customer,User ID: 1,Account Type: Checking,Account ID: 1,Routing ID: 1,Amount: 100.0,Starting Balance: 1710.00,Ending Balance: 1810.0 was denied by internal user paulmccartney 
