2016-10-22 23:25:51,328 loginValidate User:'georgeharrison' attemptting login
2016-10-22 23:25:53,992 send_device_verify_otp User:'georgeharrison' send new device verify OTP
2016-10-22 23:26:25,090 deviceVerify User:'georgeharrison' attemptting login
2016-10-22 23:26:57,915 loginValidate User:'johnlennon' attemptting login
2016-10-22 23:27:00,586 send_device_verify_otp User:'johnlennon' send new device verify OTP
2016-10-22 23:28:22,550 deviceVerify User:'johnlennon' attemptting login
2016-10-23 01:24:09,746 loginValidate User:'ringostarr' attemptting login
2016-10-23 01:24:13,187 send_device_verify_otp User:'ringostarr' send new device verify OTP
2016-10-23 01:24:20,611 loginValidate User:'georgeharrison' attemptting login
2016-10-23 01:24:45,702 deviceVerify User:'ringostarr' attemptting login
2016-10-23 01:29:01,545 loginValidate User:'paulmccartney' attemptting login
2016-10-23 01:29:03,857 send_device_verify_otp User:'paulmccartney' send new device verify OTP
2016-10-23 01:29:26,975 deviceVerify User:'paulmccartney' attemptting login
2016-10-23 01:31:22,868 loginValidate User:'johnlennon' attemptting login
2016-10-23 01:31:25,489 send_device_verify_otp User:'johnlennon' send new device verify OTP
2016-10-23 01:32:01,957 deviceVerify User:'johnlennon' attemptting login
2016-10-23 01:32:45,582 loginValidate User:'paulmccartney' attemptting login
2016-10-23 01:32:47,748 send_device_verify_otp User:'paulmccartney' send new device verify OTP
2016-10-23 01:33:25,337 deviceVerify User:'paulmccartney' attemptting login
2016-10-23 02:01:20,420 loginValidate User:'johnlennon' attemptting login
2016-10-23 02:01:22,896 send_device_verify_otp User:'johnlennon' send new device verify OTP
2016-10-23 02:01:49,998 deviceVerify User:'johnlennon' attemptting login
2016-10-23 02:02:16,019 loginValidate User:'georgeharrison' attemptting login
2016-10-23 02:02:18,442 send_device_verify_otp User:'georgeharrison' send new device verify OTP
2016-10-23 02:02:47,685 deviceVerify User:'georgeharrison' attemptting login
