(0.000) SELECT @@SQL_AUTO_IS_NULL; args=None
(0.000) SELECT VERSION(); args=None
(0.001) SHOW FULL TABLES; args=None
(0.000) SELECT `django_migrations`.`app`, `django_migrations`.`name` FROM `django_migrations`; args=()
Exception while resolving variable 'error_message' in template 'login/signin.html'.
Traceback (most recent call last):
  File "/usr/local/lib/python2.7/dist-packages/django/template/base.py", line 907, in _resolve_lookup
    (bit, current))  # missing attribute
VariableDoesNotExist: Failed lookup for key [error_message] in u'[{\'False\': False, \'None\': None, \'True\': True}, {u\'csrf_token\': <SimpleLazyObject: <function _get_val at 0x7faccf0bf668>>, \'user\': <SimpleLazyObject: <django.contrib.auth.models.AnonymousUser object at 0x7faccf09ab90>>, \'perms\': <django.contrib.auth.context_processors.PermWrapper object at 0x7faccf0c1190>, \'DEFAULT_MESSAGE_LEVELS\': {\'DEBUG\': 10, \'INFO\': 20, \'WARNING\': 30, \'SUCCESS\': 25, \'ERROR\': 40}, \'messages\': <django.contrib.messages.storage.fallback.FallbackStorage object at 0x7faccf8f5c90>, u\'request\': <WSGIRequest: GET \'/login/\'>}, {}, {\'block\': <Block Node: content. Contents: [<TextNode: u\'\\n<h1>Login</h1>\\n\'>, <IfNode>, <TextNode: u\'\\n\\n<form action="\'>, <django.template.defaulttags.URLNode object at 0x7faccf0b4790>, <TextNode: u\'" method="post">\\n\'>, <django.template.defaulttags.CsrfTokenNode object at 0x7faccf0b4810>, <TextNode: u\'\\n<label for="username">Us\'>]>}]'
"GET /login/ HTTP/1.1" 200 1719
"GET /static/global_templates/style.css HTTP/1.1" 304 0
"GET /favicon.ico HTTP/1.1" 301 0
Exception while resolving variable 'error_message' in template 'login/signin.html'.
Traceback (most recent call last):
  File "/usr/local/lib/python2.7/dist-packages/django/template/base.py", line 907, in _resolve_lookup
    (bit, current))  # missing attribute
VariableDoesNotExist: Failed lookup for key [error_message] in u'[{\'False\': False, \'None\': None, \'True\': True}, {u\'csrf_token\': <SimpleLazyObject: <function _get_val at 0x7facce81e1b8>>, \'user\': <SimpleLazyObject: <django.contrib.auth.models.AnonymousUser object at 0x7faccf0b4850>>, \'perms\': <django.contrib.auth.context_processors.PermWrapper object at 0x7faccf0c1d10>, \'DEFAULT_MESSAGE_LEVELS\': {\'DEBUG\': 10, \'INFO\': 20, \'WARNING\': 30, \'SUCCESS\': 25, \'ERROR\': 40}, \'messages\': <django.contrib.messages.storage.fallback.FallbackStorage object at 0x7faccf0b4810>, u\'request\': <WSGIRequest: GET \'/favicon.ico/\'>}, {}, {\'block\': <Block Node: content. Contents: [<TextNode: u\'\\n<h1>Login</h1>\\n\'>, <IfNode>, <TextNode: u\'\\n\\n<form action="\'>, <django.template.defaulttags.URLNode object at 0x7faccf0c1e50>, <TextNode: u\'" method="post">\\n\'>, <django.template.defaulttags.CsrfTokenNode object at 0x7faccf0c1e10>, <TextNode: u\'\\n<label for="username">Us\'>]>}]'
"GET /favicon.ico/ HTTP/1.1" 200 1719
Exception while resolving variable 'error_message' in template 'login/signin.html'.
Traceback (most recent call last):
  File "/usr/local/lib/python2.7/dist-packages/django/template/base.py", line 907, in _resolve_lookup
    (bit, current))  # missing attribute
VariableDoesNotExist: Failed lookup for key [error_message] in u'[{\'False\': False, \'None\': None, \'True\': True}, {u\'csrf_token\': <SimpleLazyObject: <function _get_val at 0x7facce81e6e0>>, \'user\': <SimpleLazyObject: <django.contrib.auth.models.AnonymousUser object at 0x7faccf0a9f90>>, \'perms\': <django.contrib.auth.context_processors.PermWrapper object at 0x7faccf0c1710>, \'DEFAULT_MESSAGE_LEVELS\': {\'DEBUG\': 10, \'INFO\': 20, \'WARNING\': 30, \'SUCCESS\': 25, \'ERROR\': 40}, \'messages\': <django.contrib.messages.storage.fallback.FallbackStorage object at 0x7faccf0a9810>, u\'request\': <WSGIRequest: GET \'/login/\'>}, {}, {\'block\': <Block Node: content. Contents: [<TextNode: u\'\\n<h1>Login</h1>\\n\'>, <IfNode>, <TextNode: u\'\\n\\n<form action="\'>, <django.template.defaulttags.URLNode object at 0x7facce823590>, <TextNode: u\'" method="post">\\n\'>, <django.template.defaulttags.CsrfTokenNode object at 0x7facce8235d0>, <TextNode: u\'\\n<label for="username">Us\'>]>}]'
"GET /login/ HTTP/1.1" 200 1719
"GET /static/global_templates/style.css HTTP/1.1" 304 0
"GET /favicon.ico HTTP/1.1" 301 0
Exception while resolving variable 'error_message' in template 'login/signin.html'.
Traceback (most recent call last):
  File "/usr/local/lib/python2.7/dist-packages/django/template/base.py", line 907, in _resolve_lookup
    (bit, current))  # missing attribute
VariableDoesNotExist: Failed lookup for key [error_message] in u'[{\'False\': False, \'None\': None, \'True\': True}, {u\'csrf_token\': <SimpleLazyObject: <function _get_val at 0x7facce81e7d0>>, \'user\': <SimpleLazyObject: <django.contrib.auth.models.AnonymousUser object at 0x7faccf0c1190>>, \'perms\': <django.contrib.auth.context_processors.PermWrapper object at 0x7facce823390>, \'DEFAULT_MESSAGE_LEVELS\': {\'DEBUG\': 10, \'INFO\': 20, \'WARNING\': 30, \'SUCCESS\': 25, \'ERROR\': 40}, \'messages\': <django.contrib.messages.storage.fallback.FallbackStorage object at 0x7faccf0c1910>, u\'request\': <WSGIRequest: GET \'/favicon.ico/\'>}, {}, {\'block\': <Block Node: content. Contents: [<TextNode: u\'\\n<h1>Login</h1>\\n\'>, <IfNode>, <TextNode: u\'\\n\\n<form action="\'>, <django.template.defaulttags.URLNode object at 0x7facce823f50>, <TextNode: u\'" method="post">\\n\'>, <django.template.defaulttags.CsrfTokenNode object at 0x7facce823f10>, <TextNode: u\'\\n<label for="username">Us\'>]>}]'
"GET /favicon.ico/ HTTP/1.1" 200 1719
Exception while resolving variable 'error_message' in template 'login/signin.html'.
Traceback (most recent call last):
  File "/usr/local/lib/python2.7/dist-packages/django/template/base.py", line 907, in _resolve_lookup
    (bit, current))  # missing attribute
VariableDoesNotExist: Failed lookup for key [error_message] in u'[{\'False\': False, \'None\': None, \'True\': True}, {u\'csrf_token\': <SimpleLazyObject: <function _get_val at 0x7facce81e668>>, \'user\': <SimpleLazyObject: <django.contrib.auth.models.AnonymousUser object at 0x7facce823410>>, \'perms\': <django.contrib.auth.context_processors.PermWrapper object at 0x7facce823910>, \'DEFAULT_MESSAGE_LEVELS\': {\'DEBUG\': 10, \'INFO\': 20, \'WARNING\': 30, \'SUCCESS\': 25, \'ERROR\': 40}, \'messages\': <django.contrib.messages.storage.fallback.FallbackStorage object at 0x7facce823650>, u\'request\': <WSGIRequest: GET \'/login/\'>}, {}, {\'block\': <Block Node: content. Contents: [<TextNode: u\'\\n<h1>Login</h1>\\n\'>, <IfNode>, <TextNode: u\'\\n\\n<form action="\'>, <django.template.defaulttags.URLNode object at 0x7faccf0b4190>, <TextNode: u\'" method="post">\\n\'>, <django.template.defaulttags.CsrfTokenNode object at 0x7faccf0b4490>, <TextNode: u\'\\n<label for="username">Us\'>]>}]'
"GET /login/ HTTP/1.1" 200 1719
"GET /static/global_templates/style.css HTTP/1.1" 304 0
"GET /favicon.ico HTTP/1.1" 301 0
Exception while resolving variable 'error_message' in template 'login/signin.html'.
Traceback (most recent call last):
  File "/usr/local/lib/python2.7/dist-packages/django/template/base.py", line 907, in _resolve_lookup
    (bit, current))  # missing attribute
VariableDoesNotExist: Failed lookup for key [error_message] in u'[{\'False\': False, \'None\': None, \'True\': True}, {u\'csrf_token\': <SimpleLazyObject: <function _get_val at 0x7facce81e0c8>>, \'user\': <SimpleLazyObject: <django.contrib.auth.models.AnonymousUser object at 0x7facce823190>>, \'perms\': <django.contrib.auth.context_processors.PermWrapper object at 0x7facce823f10>, \'DEFAULT_MESSAGE_LEVELS\': {\'DEBUG\': 10, \'INFO\': 20, \'WARNING\': 30, \'SUCCESS\': 25, \'ERROR\': 40}, \'messages\': <django.contrib.messages.storage.fallback.FallbackStorage object at 0x7facce823090>, u\'request\': <WSGIRequest: GET \'/favicon.ico/\'>}, {}, {\'block\': <Block Node: content. Contents: [<TextNode: u\'\\n<h1>Login</h1>\\n\'>, <IfNode>, <TextNode: u\'\\n\\n<form action="\'>, <django.template.defaulttags.URLNode object at 0x7faccf0a9a90>, <TextNode: u\'" method="post">\\n\'>, <django.template.defaulttags.CsrfTokenNode object at 0x7faccf0a9c50>, <TextNode: u\'\\n<label for="username">Us\'>]>}]'
"GET /favicon.ico/ HTTP/1.1" 200 1719
Exception while resolving variable 'error_message' in template 'login/signin.html'.
Traceback (most recent call last):
  File "/usr/local/lib/python2.7/dist-packages/django/template/base.py", line 907, in _resolve_lookup
    (bit, current))  # missing attribute
VariableDoesNotExist: Failed lookup for key [error_message] in u'[{\'False\': False, \'None\': None, \'True\': True}, {u\'csrf_token\': <SimpleLazyObject: <function _get_val at 0x7facce81e848>>, \'user\': <SimpleLazyObject: <django.contrib.auth.models.AnonymousUser object at 0x7facce823e90>>, \'perms\': <django.contrib.auth.context_processors.PermWrapper object at 0x7facce823c90>, \'DEFAULT_MESSAGE_LEVELS\': {\'DEBUG\': 10, \'INFO\': 20, \'WARNING\': 30, \'SUCCESS\': 25, \'ERROR\': 40}, \'messages\': <django.contrib.messages.storage.fallback.FallbackStorage object at 0x7faccf0b4650>, u\'request\': <WSGIRequest: GET \'/login/\'>}, {}, {\'block\': <Block Node: content. Contents: [<TextNode: u\'\\n<h1>Login</h1>\\n\'>, <IfNode>, <TextNode: u\'\\n\\n<form action="\'>, <django.template.defaulttags.URLNode object at 0x7faccf0a98d0>, <TextNode: u\'" method="post">\\n\'>, <django.template.defaulttags.CsrfTokenNode object at 0x7faccf0a9a50>, <TextNode: u\'\\n<label for="username">Us\'>]>}]'
"GET /login/ HTTP/1.1" 200 1719
"GET /static/global_templates/style.css HTTP/1.1" 304 0
"GET /favicon.ico HTTP/1.1" 301 0
Exception while resolving variable 'error_message' in template 'login/signin.html'.
Traceback (most recent call last):
  File "/usr/local/lib/python2.7/dist-packages/django/template/base.py", line 907, in _resolve_lookup
    (bit, current))  # missing attribute
VariableDoesNotExist: Failed lookup for key [error_message] in u'[{\'False\': False, \'None\': None, \'True\': True}, {u\'csrf_token\': <SimpleLazyObject: <function _get_val at 0x7facce81e758>>, \'user\': <SimpleLazyObject: <django.contrib.auth.models.AnonymousUser object at 0x7faccf8f5650>>, \'perms\': <django.contrib.auth.context_processors.PermWrapper object at 0x7facce8232d0>, \'DEFAULT_MESSAGE_LEVELS\': {\'DEBUG\': 10, \'INFO\': 20, \'WARNING\': 30, \'SUCCESS\': 25, \'ERROR\': 40}, \'messages\': <django.contrib.messages.storage.fallback.FallbackStorage object at 0x7faccf8f55d0>, u\'request\': <WSGIRequest: GET \'/favicon.ico/\'>}, {}, {\'block\': <Block Node: content. Contents: [<TextNode: u\'\\n<h1>Login</h1>\\n\'>, <IfNode>, <TextNode: u\'\\n\\n<form action="\'>, <django.template.defaulttags.URLNode object at 0x7facce82f050>, <TextNode: u\'" method="post">\\n\'>, <django.template.defaulttags.CsrfTokenNode object at 0x7facce82f0d0>, <TextNode: u\'\\n<label for="username">Us\'>]>}]'
"GET /favicon.ico/ HTTP/1.1" 200 1719
(0.000) SELECT @@SQL_AUTO_IS_NULL; args=None
(0.000) SELECT VERSION(); args=None
(0.000) SELECT `auth_user`.`id`, `auth_user`.`password`, `auth_user`.`last_login`, `auth_user`.`is_superuser`, `auth_user`.`username`, `auth_user`.`first_name`, `auth_user`.`last_name`, `auth_user`.`email`, `auth_user`.`is_staff`, `auth_user`.`is_active`, `auth_user`.`date_joined` FROM `auth_user` WHERE `auth_user`.`username` = 'john'; args=(u'john',)
(0.000) SELECT `axes_accessattempt`.`id`, `axes_accessattempt`.`user_agent`, `axes_accessattempt`.`ip_address`, `axes_accessattempt`.`username`, `axes_accessattempt`.`trusted`, `axes_accessattempt`.`http_accept`, `axes_accessattempt`.`path_info`, `axes_accessattempt`.`attempt_time`, `axes_accessattempt`.`get_data`, `axes_accessattempt`.`post_data`, `axes_accessattempt`.`failures_since_start` FROM `axes_accessattempt` WHERE (`axes_accessattempt`.`username` = 'john' AND `axes_accessattempt`.`ip_address` = '127.0.0.1' AND `axes_accessattempt`.`trusted` = 1) ORDER BY `axes_accessattempt`.`attempt_time` DESC; args=(u'john', u'127.0.0.1', True)
(0.000) SELECT `axes_accessattempt`.`id`, `axes_accessattempt`.`user_agent`, `axes_accessattempt`.`ip_address`, `axes_accessattempt`.`username`, `axes_accessattempt`.`trusted`, `axes_accessattempt`.`http_accept`, `axes_accessattempt`.`path_info`, `axes_accessattempt`.`attempt_time`, `axes_accessattempt`.`get_data`, `axes_accessattempt`.`post_data`, `axes_accessattempt`.`failures_since_start` FROM `axes_accessattempt` WHERE (`axes_accessattempt`.`ip_address` = '127.0.0.1' AND `axes_accessattempt`.`trusted` = 0) ORDER BY `axes_accessattempt`.`attempt_time` DESC; args=(u'127.0.0.1', False)
(0.001) SELECT `auth_user`.`id`, `auth_user`.`password`, `auth_user`.`last_login`, `auth_user`.`is_superuser`, `auth_user`.`username`, `auth_user`.`first_name`, `auth_user`.`last_name`, `auth_user`.`email`, `auth_user`.`is_staff`, `auth_user`.`is_active`, `auth_user`.`date_joined` FROM `auth_user` WHERE `auth_user`.`username` = 'john'; args=(u'john',)
(0.000) SELECT (1) AS `a` FROM `django_session` WHERE `django_session`.`session_key` = '6p83amhvtlhglrfv9x4wy4jurbebxuxc' LIMIT 1; args=(u'6p83amhvtlhglrfv9x4wy4jurbebxuxc',)
(0.000) INSERT INTO `django_session` (`session_key`, `session_data`, `expire_date`) VALUES ('6p83amhvtlhglrfv9x4wy4jurbebxuxc', 'MmIwMjYyZjY2OTU5NjVhMmZkYjc0MzQwNDE1MjdhM2QwZGQ4MWY1ODp7fQ==', '2016-09-22 21:34:40.112194'); args=(u'6p83amhvtlhglrfv9x4wy4jurbebxuxc', u'MmIwMjYyZjY2OTU5NjVhMmZkYjc0MzQwNDE1MjdhM2QwZGQ4MWY1ODp7fQ==', u'2016-09-22 21:34:40.112194')
(0.000) UPDATE `auth_user` SET `last_login` = '2016-09-22 21:24:40.143643' WHERE `auth_user`.`id` = 1; args=(u'2016-09-22 21:24:40.143643', 1)
(0.000) INSERT INTO `axes_accesslog` (`user_agent`, `ip_address`, `username`, `trusted`, `http_accept`, `path_info`, `attempt_time`, `logout_time`) VALUES ('Mozilla/5.0 (X11; Linux x86_64) AppleWebKit/537.36 (KHTML, like Gecko) Chrome/53.0.2785.116 Safari/537.36', '127.0.0.1', 'john', 1, 'text/html,application/xhtml+xml,application/xml;q=0.9,image/webp,*/*;q=0.8', '/login/validate/', '2016-09-22 21:24:40.177477', NULL); args=['Mozilla/5.0 (X11; Linux x86_64) AppleWebKit/537.36 (KHTML, like Gecko) Chrome/53.0.2785.116 Safari/537.36', u'127.0.0.1', u'john', True, 'text/html,application/xhtml+xml,application/xml;q=0.9,image/webp,*/*;q=0.8', u'/login/validate/', u'2016-09-22 21:24:40.177477', None]
(0.001) SELECT `axes_accessattempt`.`id`, `axes_accessattempt`.`user_agent`, `axes_accessattempt`.`ip_address`, `axes_accessattempt`.`username`, `axes_accessattempt`.`trusted`, `axes_accessattempt`.`http_accept`, `axes_accessattempt`.`path_info`, `axes_accessattempt`.`attempt_time`, `axes_accessattempt`.`get_data`, `axes_accessattempt`.`post_data`, `axes_accessattempt`.`failures_since_start` FROM `axes_accessattempt` WHERE (`axes_accessattempt`.`username` = 'john' AND `axes_accessattempt`.`ip_address` = '127.0.0.1' AND `axes_accessattempt`.`trusted` = 1) ORDER BY `axes_accessattempt`.`attempt_time` DESC; args=(u'john', u'127.0.0.1', True)
(0.000) SELECT `axes_accessattempt`.`id`, `axes_accessattempt`.`user_agent`, `axes_accessattempt`.`ip_address`, `axes_accessattempt`.`username`, `axes_accessattempt`.`trusted`, `axes_accessattempt`.`http_accept`, `axes_accessattempt`.`path_info`, `axes_accessattempt`.`attempt_time`, `axes_accessattempt`.`get_data`, `axes_accessattempt`.`post_data`, `axes_accessattempt`.`failures_since_start` FROM `axes_accessattempt` WHERE (`axes_accessattempt`.`ip_address` = '127.0.0.1' AND `axes_accessattempt`.`trusted` = 0) ORDER BY `axes_accessattempt`.`attempt_time` DESC; args=(u'127.0.0.1', False)
(0.000) INSERT INTO `axes_accessattempt` (`user_agent`, `ip_address`, `username`, `trusted`, `http_accept`, `path_info`, `attempt_time`, `get_data`, `post_data`, `failures_since_start`) VALUES ('Mozilla/5.0 (X11; Linux x86_64) AppleWebKit/537.36 (KHTML, like Gecko) Chrome/53.0.2785.116 Safari/537.36', '127.0.0.1', 'john', 1, 'text/html,application/xhtml+xml,application/xml;q=0.9,image/webp,*/*;q=0.8', '/login/validate/', '2016-09-22 21:24:40.214226', '', 'username=john\ncsrfmiddlewaretoken=KSkcSxXqyaMiijUNRPIS6hrEswpmBDuncMthneR1yH1CxQXjz0D4kwRT8CUycsGe', 0); args=['Mozilla/5.0 (X11; Linux x86_64) AppleWebKit/537.36 (KHTML, like Gecko) Chrome/53.0.2785.116 Safari/537.36', u'127.0.0.1', u'john', True, 'text/html,application/xhtml+xml,application/xml;q=0.9,image/webp,*/*;q=0.8', u'/login/validate/', u'2016-09-22 21:24:40.214226', '', u'username=john\ncsrfmiddlewaretoken=KSkcSxXqyaMiijUNRPIS6hrEswpmBDuncMthneR1yH1CxQXjz0D4kwRT8CUycsGe', 0]
(0.001) SELECT `auth_user`.`id`, `auth_user`.`password`, `auth_user`.`last_login`, `auth_user`.`is_superuser`, `auth_user`.`username`, `auth_user`.`first_name`, `auth_user`.`last_name`, `auth_user`.`email`, `auth_user`.`is_staff`, `auth_user`.`is_active`, `auth_user`.`date_joined` FROM `auth_user` WHERE `auth_user`.`username` = 'john'; args=(u'john',)
(0.000) UPDATE `django_session` SET `session_data` = 'N2RmMzNiY2E0NjY0Y2Q5YzliZGE3NzNmNWQzZDVlNGQxNDI4YjgyYzp7Il9hdXRoX3VzZXJfaGFzaCI6ImUwMjQzZjYyNDg4ODMzYzNlNmNmNTE5ZDYzNjBkM2I3NTJmNjAwYzgiLCJfYXV0aF91c2VyX2JhY2tlbmQiOiJkamFuZ28uY29udHJpYi5hdXRoLmJhY2tlbmRzLk1vZGVsQmFja2VuZCIsIl9hdXRoX3VzZXJfaWQiOiIxIn0=', `expire_date` = '2016-09-22 21:34:40.245690' WHERE `django_session`.`session_key` = '6p83amhvtlhglrfv9x4wy4jurbebxuxc'; args=(u'N2RmMzNiY2E0NjY0Y2Q5YzliZGE3NzNmNWQzZDVlNGQxNDI4YjgyYzp7Il9hdXRoX3VzZXJfaGFzaCI6ImUwMjQzZjYyNDg4ODMzYzNlNmNmNTE5ZDYzNjBkM2I3NTJmNjAwYzgiLCJfYXV0aF91c2VyX2JhY2tlbmQiOiJkamFuZ28uY29udHJpYi5hdXRoLmJhY2tlbmRzLk1vZGVsQmFja2VuZCIsIl9hdXRoX3VzZXJfaWQiOiIxIn0=', u'2016-09-22 21:34:40.245690', u'6p83amhvtlhglrfv9x4wy4jurbebxuxc')
"POST /login/validate/ HTTP/1.1" 302 0
(0.000) SELECT @@SQL_AUTO_IS_NULL; args=None
(0.000) SELECT VERSION(); args=None
(0.000) SELECT `django_session`.`session_key`, `django_session`.`session_data`, `django_session`.`expire_date` FROM `django_session` WHERE (`django_session`.`session_key` = '6p83amhvtlhglrfv9x4wy4jurbebxuxc' AND `django_session`.`expire_date` > '2016-09-22 21:24:40.309228'); args=('6p83amhvtlhglrfv9x4wy4jurbebxuxc', u'2016-09-22 21:24:40.309228')
(0.000) SELECT `auth_user`.`id`, `auth_user`.`password`, `auth_user`.`last_login`, `auth_user`.`is_superuser`, `auth_user`.`username`, `auth_user`.`first_name`, `auth_user`.`last_name`, `auth_user`.`email`, `auth_user`.`is_staff`, `auth_user`.`is_active`, `auth_user`.`date_joined` FROM `auth_user` WHERE `auth_user`.`id` = 1; args=(1,)
(0.000) SELECT `internal_systemmanager`.`id`, `internal_systemmanager`.`user_id`, `internal_systemmanager`.`first_name`, `internal_systemmanager`.`last_name`, `internal_systemmanager`.`email`, `internal_systemmanager`.`street_address`, `internal_systemmanager`.`city`, `internal_systemmanager`.`state`, `internal_systemmanager`.`zipcode`, `internal_systemmanager`.`session_key` FROM `internal_systemmanager` WHERE `internal_systemmanager`.`user_id` = 1; args=(1,)
(0.000) SELECT `internal_administrator`.`id`, `internal_administrator`.`user_id`, `internal_administrator`.`first_name`, `internal_administrator`.`last_name`, `internal_administrator`.`email`, `internal_administrator`.`street_address`, `internal_administrator`.`city`, `internal_administrator`.`state`, `internal_administrator`.`zipcode`, `internal_administrator`.`session_key` FROM `internal_administrator` WHERE `internal_administrator`.`user_id` = 1; args=(1,)
(0.000) SELECT `external_individualcustomer`.`id`, `external_individualcustomer`.`user_id`, `external_individualcustomer`.`first_name`, `external_individualcustomer`.`last_name`, `external_individualcustomer`.`email`, `external_individualcustomer`.`street_address`, `external_individualcustomer`.`city`, `external_individualcustomer`.`state`, `external_individualcustomer`.`zipcode`, `external_individualcustomer`.`session_key`, `external_individualcustomer`.`checking_account_id`, `external_individualcustomer`.`credit_card_id`, `external_individualcustomer`.`savings_account_id`, `external_individualcustomer`.`ssn` FROM `external_individualcustomer` WHERE `external_individualcustomer`.`user_id` = 1; args=(1,)
(0.000) DELETE FROM `django_session` WHERE `django_session`.`session_key` = 'ktuslmy7u1qysyjcmzfe8bogpxy49xz0'; args=(u'ktuslmy7u1qysyjcmzfe8bogpxy49xz0',)
(0.000) UPDATE `external_individualcustomer` SET `user_id` = 1, `first_name` = 'John', `last_name` = 'Lennon', `email` = 'johnlennon@beatles.com', `street_address` = '1234 Abbey Road', `city` = 'Liverpool', `state` = 'UK', `zipcode` = 12345, `session_key` = '6p83amhvtlhglrfv9x4wy4jurbebxuxc', `checking_account_id` = 1, `credit_card_id` = 1, `savings_account_id` = 1, `ssn` = '' WHERE `external_individualcustomer`.`id` = 1; args=(1, u'John', u'Lennon', u'johnlennon@beatles.com', u'1234 Abbey Road', u'Liverpool', u'UK', 12345, '6p83amhvtlhglrfv9x4wy4jurbebxuxc', 1, 1, 1, u'', 1)
(0.000) SELECT `internal_regularemployee`.`id`, `internal_regularemployee`.`user_id`, `internal_regularemployee`.`first_name`, `internal_regularemployee`.`last_name`, `internal_regularemployee`.`email`, `internal_regularemployee`.`street_address`, `internal_regularemployee`.`city`, `internal_regularemployee`.`state`, `internal_regularemployee`.`zipcode`, `internal_regularemployee`.`session_key` FROM `internal_regularemployee` WHERE `internal_regularemployee`.`user_id` = 1; args=(1,)
(0.000) UPDATE `django_session` SET `session_data` = 'YTY5YTIxNDg2OGJkZTNlZTk3NjdmZWQzNzkxYjZhZjBjYmJiZmZkYjp7Il9hdXRoX3VzZXJfaGFzaCI6ImUwMjQzZjYyNDg4ODMzYzNlNmNmNTE5ZDYzNjBkM2I3NTJmNjAwYzgiLCJfYXV0aF91c2VyX2lkIjoiMSIsIl9hdXRoX3VzZXJfYmFja2VuZCI6ImRqYW5nby5jb250cmliLmF1dGguYmFja2VuZHMuTW9kZWxCYWNrZW5kIn0=', `expire_date` = '2016-09-22 21:34:40.368405' WHERE `django_session`.`session_key` = '6p83amhvtlhglrfv9x4wy4jurbebxuxc'; args=(u'YTY5YTIxNDg2OGJkZTNlZTk3NjdmZWQzNzkxYjZhZjBjYmJiZmZkYjp7Il9hdXRoX3VzZXJfaGFzaCI6ImUwMjQzZjYyNDg4ODMzYzNlNmNmNTE5ZDYzNjBkM2I3NTJmNjAwYzgiLCJfYXV0aF91c2VyX2lkIjoiMSIsIl9hdXRoX3VzZXJfYmFja2VuZCI6ImRqYW5nby5jb250cmliLmF1dGguYmFja2VuZHMuTW9kZWxCYWNrZW5kIn0=', u'2016-09-22 21:34:40.368405', '6p83amhvtlhglrfv9x4wy4jurbebxuxc')
"GET /login/loggedin/ HTTP/1.1" 302 0
(0.000) SELECT @@SQL_AUTO_IS_NULL; args=None
(0.000) SELECT VERSION(); args=None
(0.000) SELECT `django_session`.`session_key`, `django_session`.`session_data`, `django_session`.`expire_date` FROM `django_session` WHERE (`django_session`.`session_key` = '6p83amhvtlhglrfv9x4wy4jurbebxuxc' AND `django_session`.`expire_date` > '2016-09-22 21:24:40.413897'); args=('6p83amhvtlhglrfv9x4wy4jurbebxuxc', u'2016-09-22 21:24:40.413897')
(0.000) SELECT `auth_user`.`id`, `auth_user`.`password`, `auth_user`.`last_login`, `auth_user`.`is_superuser`, `auth_user`.`username`, `auth_user`.`first_name`, `auth_user`.`last_name`, `auth_user`.`email`, `auth_user`.`is_staff`, `auth_user`.`is_active`, `auth_user`.`date_joined` FROM `auth_user` WHERE `auth_user`.`id` = 1; args=(1,)
(0.000) SELECT `internal_systemmanager`.`id`, `internal_systemmanager`.`user_id`, `internal_systemmanager`.`first_name`, `internal_systemmanager`.`last_name`, `internal_systemmanager`.`email`, `internal_systemmanager`.`street_address`, `internal_systemmanager`.`city`, `internal_systemmanager`.`state`, `internal_systemmanager`.`zipcode`, `internal_systemmanager`.`session_key` FROM `internal_systemmanager` WHERE `internal_systemmanager`.`user_id` = 1; args=(1,)
(0.000) SELECT `internal_administrator`.`id`, `internal_administrator`.`user_id`, `internal_administrator`.`first_name`, `internal_administrator`.`last_name`, `internal_administrator`.`email`, `internal_administrator`.`street_address`, `internal_administrator`.`city`, `internal_administrator`.`state`, `internal_administrator`.`zipcode`, `internal_administrator`.`session_key` FROM `internal_administrator` WHERE `internal_administrator`.`user_id` = 1; args=(1,)
(0.000) SELECT `external_individualcustomer`.`id`, `external_individualcustomer`.`user_id`, `external_individualcustomer`.`first_name`, `external_individualcustomer`.`last_name`, `external_individualcustomer`.`email`, `external_individualcustomer`.`street_address`, `external_individualcustomer`.`city`, `external_individualcustomer`.`state`, `external_individualcustomer`.`zipcode`, `external_individualcustomer`.`session_key`, `external_individualcustomer`.`checking_account_id`, `external_individualcustomer`.`credit_card_id`, `external_individualcustomer`.`savings_account_id`, `external_individualcustomer`.`ssn` FROM `external_individualcustomer` WHERE `external_individualcustomer`.`user_id` = 1; args=(1,)
(0.000) SELECT `internal_regularemployee`.`id`, `internal_regularemployee`.`user_id`, `internal_regularemployee`.`first_name`, `internal_regularemployee`.`last_name`, `internal_regularemployee`.`email`, `internal_regularemployee`.`street_address`, `internal_regularemployee`.`city`, `internal_regularemployee`.`state`, `internal_regularemployee`.`zipcode`, `internal_regularemployee`.`session_key` FROM `internal_regularemployee` WHERE `internal_regularemployee`.`user_id` = 1; args=(1,)
(0.000) SELECT `external_checkingaccount`.`id`, `external_checkingaccount`.`interest_rate`, `external_checkingaccount`.`routing_number`, `external_checkingaccount`.`current_balance`, `external_checkingaccount`.`active_balance` FROM `external_checkingaccount` WHERE `external_checkingaccount`.`id` = 1; args=(1,)
(0.000) SELECT `external_savingsaccount`.`id`, `external_savingsaccount`.`interest_rate`, `external_savingsaccount`.`routing_number`, `external_savingsaccount`.`current_balance`, `external_savingsaccount`.`active_balance` FROM `external_savingsaccount` WHERE `external_savingsaccount`.`id` = 1; args=(1,)
(0.000) SELECT `external_creditcard`.`id`, `external_creditcard`.`interest_rate`, `external_creditcard`.`creditcard_number`, `external_creditcard`.`charge_limit`, `external_creditcard`.`remaining_credit`, `external_creditcard`.`late_fee`, `external_creditcard`.`days_late` FROM `external_creditcard` WHERE `external_creditcard`.`id` = 1; args=(1,)
(0.000) UPDATE `django_session` SET `session_data` = 'N2RmMzNiY2E0NjY0Y2Q5YzliZGE3NzNmNWQzZDVlNGQxNDI4YjgyYzp7Il9hdXRoX3VzZXJfaGFzaCI6ImUwMjQzZjYyNDg4ODMzYzNlNmNmNTE5ZDYzNjBkM2I3NTJmNjAwYzgiLCJfYXV0aF91c2VyX2JhY2tlbmQiOiJkamFuZ28uY29udHJpYi5hdXRoLmJhY2tlbmRzLk1vZGVsQmFja2VuZCIsIl9hdXRoX3VzZXJfaWQiOiIxIn0=', `expire_date` = '2016-09-22 21:34:40.434554' WHERE `django_session`.`session_key` = '6p83amhvtlhglrfv9x4wy4jurbebxuxc'; args=(u'N2RmMzNiY2E0NjY0Y2Q5YzliZGE3NzNmNWQzZDVlNGQxNDI4YjgyYzp7Il9hdXRoX3VzZXJfaGFzaCI6ImUwMjQzZjYyNDg4ODMzYzNlNmNmNTE5ZDYzNjBkM2I3NTJmNjAwYzgiLCJfYXV0aF91c2VyX2JhY2tlbmQiOiJkamFuZ28uY29udHJpYi5hdXRoLmJhY2tlbmRzLk1vZGVsQmFja2VuZCIsIl9hdXRoX3VzZXJfaWQiOiIxIn0=', u'2016-09-22 21:34:40.434554', '6p83amhvtlhglrfv9x4wy4jurbebxuxc')
"GET /external/ HTTP/1.1" 200 1677
(0.000) SELECT @@SQL_AUTO_IS_NULL; args=None
(0.000) SELECT VERSION(); args=None
(0.000) SELECT `django_session`.`session_key`, `django_session`.`session_data`, `django_session`.`expire_date` FROM `django_session` WHERE (`django_session`.`session_key` = '6p83amhvtlhglrfv9x4wy4jurbebxuxc' AND `django_session`.`expire_date` > '2016-09-22 21:24:40.518847'); args=('6p83amhvtlhglrfv9x4wy4jurbebxuxc', u'2016-09-22 21:24:40.518847')
(0.000) SELECT `auth_user`.`id`, `auth_user`.`password`, `auth_user`.`last_login`, `auth_user`.`is_superuser`, `auth_user`.`username`, `auth_user`.`first_name`, `auth_user`.`last_name`, `auth_user`.`email`, `auth_user`.`is_staff`, `auth_user`.`is_active`, `auth_user`.`date_joined` FROM `auth_user` WHERE `auth_user`.`id` = 1; args=(1,)
(0.000) SELECT `internal_systemmanager`.`id`, `internal_systemmanager`.`user_id`, `internal_systemmanager`.`first_name`, `internal_systemmanager`.`last_name`, `internal_systemmanager`.`email`, `internal_systemmanager`.`street_address`, `internal_systemmanager`.`city`, `internal_systemmanager`.`state`, `internal_systemmanager`.`zipcode`, `internal_systemmanager`.`session_key` FROM `internal_systemmanager` WHERE `internal_systemmanager`.`user_id` = 1; args=(1,)
(0.000) SELECT `internal_administrator`.`id`, `internal_administrator`.`user_id`, `internal_administrator`.`first_name`, `internal_administrator`.`last_name`, `internal_administrator`.`email`, `internal_administrator`.`street_address`, `internal_administrator`.`city`, `internal_administrator`.`state`, `internal_administrator`.`zipcode`, `internal_administrator`.`session_key` FROM `internal_administrator` WHERE `internal_administrator`.`user_id` = 1; args=(1,)
(0.000) SELECT `external_individualcustomer`.`id`, `external_individualcustomer`.`user_id`, `external_individualcustomer`.`first_name`, `external_individualcustomer`.`last_name`, `external_individualcustomer`.`email`, `external_individualcustomer`.`street_address`, `external_individualcustomer`.`city`, `external_individualcustomer`.`state`, `external_individualcustomer`.`zipcode`, `external_individualcustomer`.`session_key`, `external_individualcustomer`.`checking_account_id`, `external_individualcustomer`.`credit_card_id`, `external_individualcustomer`.`savings_account_id`, `external_individualcustomer`.`ssn` FROM `external_individualcustomer` WHERE `external_individualcustomer`.`user_id` = 1; args=(1,)
(0.000) UPDATE `django_session` SET `session_data` = 'YTY5YTIxNDg2OGJkZTNlZTk3NjdmZWQzNzkxYjZhZjBjYmJiZmZkYjp7Il9hdXRoX3VzZXJfaGFzaCI6ImUwMjQzZjYyNDg4ODMzYzNlNmNmNTE5ZDYzNjBkM2I3NTJmNjAwYzgiLCJfYXV0aF91c2VyX2lkIjoiMSIsIl9hdXRoX3VzZXJfYmFja2VuZCI6ImRqYW5nby5jb250cmliLmF1dGguYmFja2VuZHMuTW9kZWxCYWNrZW5kIn0=', `expire_date` = '2016-09-22 21:34:40.528199' WHERE `django_session`.`session_key` = '6p83amhvtlhglrfv9x4wy4jurbebxuxc'; args=(u'YTY5YTIxNDg2OGJkZTNlZTk3NjdmZWQzNzkxYjZhZjBjYmJiZmZkYjp7Il9hdXRoX3VzZXJfaGFzaCI6ImUwMjQzZjYyNDg4ODMzYzNlNmNmNTE5ZDYzNjBkM2I3NTJmNjAwYzgiLCJfYXV0aF91c2VyX2lkIjoiMSIsIl9hdXRoX3VzZXJfYmFja2VuZCI6ImRqYW5nby5jb250cmliLmF1dGguYmFja2VuZHMuTW9kZWxCYWNrZW5kIn0=', u'2016-09-22 21:34:40.528199', '6p83amhvtlhglrfv9x4wy4jurbebxuxc')
"GET /favicon.ico/ HTTP/1.1" 302 0
(0.000) SELECT @@SQL_AUTO_IS_NULL; args=None
(0.000) SELECT VERSION(); args=None
(0.000) SELECT `django_session`.`session_key`, `django_session`.`session_data`, `django_session`.`expire_date` FROM `django_session` WHERE (`django_session`.`session_key` = '6p83amhvtlhglrfv9x4wy4jurbebxuxc' AND `django_session`.`expire_date` > '2016-09-22 21:24:40.569127'); args=('6p83amhvtlhglrfv9x4wy4jurbebxuxc', u'2016-09-22 21:24:40.569127')
(0.000) SELECT `auth_user`.`id`, `auth_user`.`password`, `auth_user`.`last_login`, `auth_user`.`is_superuser`, `auth_user`.`username`, `auth_user`.`first_name`, `auth_user`.`last_name`, `auth_user`.`email`, `auth_user`.`is_staff`, `auth_user`.`is_active`, `auth_user`.`date_joined` FROM `auth_user` WHERE `auth_user`.`id` = 1; args=(1,)
(0.000) SELECT `internal_systemmanager`.`id`, `internal_systemmanager`.`user_id`, `internal_systemmanager`.`first_name`, `internal_systemmanager`.`last_name`, `internal_systemmanager`.`email`, `internal_systemmanager`.`street_address`, `internal_systemmanager`.`city`, `internal_systemmanager`.`state`, `internal_systemmanager`.`zipcode`, `internal_systemmanager`.`session_key` FROM `internal_systemmanager` WHERE `internal_systemmanager`.`user_id` = 1; args=(1,)
(0.000) SELECT `internal_administrator`.`id`, `internal_administrator`.`user_id`, `internal_administrator`.`first_name`, `internal_administrator`.`last_name`, `internal_administrator`.`email`, `internal_administrator`.`street_address`, `internal_administrator`.`city`, `internal_administrator`.`state`, `internal_administrator`.`zipcode`, `internal_administrator`.`session_key` FROM `internal_administrator` WHERE `internal_administrator`.`user_id` = 1; args=(1,)
(0.000) SELECT `external_individualcustomer`.`id`, `external_individualcustomer`.`user_id`, `external_individualcustomer`.`first_name`, `external_individualcustomer`.`last_name`, `external_individualcustomer`.`email`, `external_individualcustomer`.`street_address`, `external_individualcustomer`.`city`, `external_individualcustomer`.`state`, `external_individualcustomer`.`zipcode`, `external_individualcustomer`.`session_key`, `external_individualcustomer`.`checking_account_id`, `external_individualcustomer`.`credit_card_id`, `external_individualcustomer`.`savings_account_id`, `external_individualcustomer`.`ssn` FROM `external_individualcustomer` WHERE `external_individualcustomer`.`user_id` = 1; args=(1,)
(0.000) SELECT `internal_regularemployee`.`id`, `internal_regularemployee`.`user_id`, `internal_regularemployee`.`first_name`, `internal_regularemployee`.`last_name`, `internal_regularemployee`.`email`, `internal_regularemployee`.`street_address`, `internal_regularemployee`.`city`, `internal_regularemployee`.`state`, `internal_regularemployee`.`zipcode`, `internal_regularemployee`.`session_key` FROM `internal_regularemployee` WHERE `internal_regularemployee`.`user_id` = 1; args=(1,)
(0.000) UPDATE `django_session` SET `session_data` = 'N2RmMzNiY2E0NjY0Y2Q5YzliZGE3NzNmNWQzZDVlNGQxNDI4YjgyYzp7Il9hdXRoX3VzZXJfaGFzaCI6ImUwMjQzZjYyNDg4ODMzYzNlNmNmNTE5ZDYzNjBkM2I3NTJmNjAwYzgiLCJfYXV0aF91c2VyX2JhY2tlbmQiOiJkamFuZ28uY29udHJpYi5hdXRoLmJhY2tlbmRzLk1vZGVsQmFja2VuZCIsIl9hdXRoX3VzZXJfaWQiOiIxIn0=', `expire_date` = '2016-09-22 21:34:40.576501' WHERE `django_session`.`session_key` = '6p83amhvtlhglrfv9x4wy4jurbebxuxc'; args=(u'N2RmMzNiY2E0NjY0Y2Q5YzliZGE3NzNmNWQzZDVlNGQxNDI4YjgyYzp7Il9hdXRoX3VzZXJfaGFzaCI6ImUwMjQzZjYyNDg4ODMzYzNlNmNmNTE5ZDYzNjBkM2I3NTJmNjAwYzgiLCJfYXV0aF91c2VyX2JhY2tlbmQiOiJkamFuZ28uY29udHJpYi5hdXRoLmJhY2tlbmRzLk1vZGVsQmFja2VuZCIsIl9hdXRoX3VzZXJfaWQiOiIxIn0=', u'2016-09-22 21:34:40.576501', '6p83amhvtlhglrfv9x4wy4jurbebxuxc')
"GET /login/loggedin/ HTTP/1.1" 302 0
(0.000) SELECT @@SQL_AUTO_IS_NULL; args=None
(0.000) SELECT VERSION(); args=None
(0.000) SELECT `django_session`.`session_key`, `django_session`.`session_data`, `django_session`.`expire_date` FROM `django_session` WHERE (`django_session`.`session_key` = '6p83amhvtlhglrfv9x4wy4jurbebxuxc' AND `django_session`.`expire_date` > '2016-09-22 21:24:40.618152'); args=('6p83amhvtlhglrfv9x4wy4jurbebxuxc', u'2016-09-22 21:24:40.618152')
(0.000) SELECT `auth_user`.`id`, `auth_user`.`password`, `auth_user`.`last_login`, `auth_user`.`is_superuser`, `auth_user`.`username`, `auth_user`.`first_name`, `auth_user`.`last_name`, `auth_user`.`email`, `auth_user`.`is_staff`, `auth_user`.`is_active`, `auth_user`.`date_joined` FROM `auth_user` WHERE `auth_user`.`id` = 1; args=(1,)
(0.000) SELECT `internal_systemmanager`.`id`, `internal_systemmanager`.`user_id`, `internal_systemmanager`.`first_name`, `internal_systemmanager`.`last_name`, `internal_systemmanager`.`email`, `internal_systemmanager`.`street_address`, `internal_systemmanager`.`city`, `internal_systemmanager`.`state`, `internal_systemmanager`.`zipcode`, `internal_systemmanager`.`session_key` FROM `internal_systemmanager` WHERE `internal_systemmanager`.`user_id` = 1; args=(1,)
(0.000) SELECT `internal_administrator`.`id`, `internal_administrator`.`user_id`, `internal_administrator`.`first_name`, `internal_administrator`.`last_name`, `internal_administrator`.`email`, `internal_administrator`.`street_address`, `internal_administrator`.`city`, `internal_administrator`.`state`, `internal_administrator`.`zipcode`, `internal_administrator`.`session_key` FROM `internal_administrator` WHERE `internal_administrator`.`user_id` = 1; args=(1,)
(0.000) SELECT `external_individualcustomer`.`id`, `external_individualcustomer`.`user_id`, `external_individualcustomer`.`first_name`, `external_individualcustomer`.`last_name`, `external_individualcustomer`.`email`, `external_individualcustomer`.`street_address`, `external_individualcustomer`.`city`, `external_individualcustomer`.`state`, `external_individualcustomer`.`zipcode`, `external_individualcustomer`.`session_key`, `external_individualcustomer`.`checking_account_id`, `external_individualcustomer`.`credit_card_id`, `external_individualcustomer`.`savings_account_id`, `external_individualcustomer`.`ssn` FROM `external_individualcustomer` WHERE `external_individualcustomer`.`user_id` = 1; args=(1,)
(0.000) SELECT `internal_regularemployee`.`id`, `internal_regularemployee`.`user_id`, `internal_regularemployee`.`first_name`, `internal_regularemployee`.`last_name`, `internal_regularemployee`.`email`, `internal_regularemployee`.`street_address`, `internal_regularemployee`.`city`, `internal_regularemployee`.`state`, `internal_regularemployee`.`zipcode`, `internal_regularemployee`.`session_key` FROM `internal_regularemployee` WHERE `internal_regularemployee`.`user_id` = 1; args=(1,)
(0.000) SELECT `external_checkingaccount`.`id`, `external_checkingaccount`.`interest_rate`, `external_checkingaccount`.`routing_number`, `external_checkingaccount`.`current_balance`, `external_checkingaccount`.`active_balance` FROM `external_checkingaccount` WHERE `external_checkingaccount`.`id` = 1; args=(1,)
(0.000) SELECT `external_savingsaccount`.`id`, `external_savingsaccount`.`interest_rate`, `external_savingsaccount`.`routing_number`, `external_savingsaccount`.`current_balance`, `external_savingsaccount`.`active_balance` FROM `external_savingsaccount` WHERE `external_savingsaccount`.`id` = 1; args=(1,)
(0.000) SELECT `external_creditcard`.`id`, `external_creditcard`.`interest_rate`, `external_creditcard`.`creditcard_number`, `external_creditcard`.`charge_limit`, `external_creditcard`.`remaining_credit`, `external_creditcard`.`late_fee`, `external_creditcard`.`days_late` FROM `external_creditcard` WHERE `external_creditcard`.`id` = 1; args=(1,)
(0.000) UPDATE `django_session` SET `session_data` = 'YTY5YTIxNDg2OGJkZTNlZTk3NjdmZWQzNzkxYjZhZjBjYmJiZmZkYjp7Il9hdXRoX3VzZXJfaGFzaCI6ImUwMjQzZjYyNDg4ODMzYzNlNmNmNTE5ZDYzNjBkM2I3NTJmNjAwYzgiLCJfYXV0aF91c2VyX2lkIjoiMSIsIl9hdXRoX3VzZXJfYmFja2VuZCI6ImRqYW5nby5jb250cmliLmF1dGguYmFja2VuZHMuTW9kZWxCYWNrZW5kIn0=', `expire_date` = '2016-09-22 21:34:40.630801' WHERE `django_session`.`session_key` = '6p83amhvtlhglrfv9x4wy4jurbebxuxc'; args=(u'YTY5YTIxNDg2OGJkZTNlZTk3NjdmZWQzNzkxYjZhZjBjYmJiZmZkYjp7Il9hdXRoX3VzZXJfaGFzaCI6ImUwMjQzZjYyNDg4ODMzYzNlNmNmNTE5ZDYzNjBkM2I3NTJmNjAwYzgiLCJfYXV0aF91c2VyX2lkIjoiMSIsIl9hdXRoX3VzZXJfYmFja2VuZCI6ImRqYW5nby5jb250cmliLmF1dGguYmFja2VuZHMuTW9kZWxCYWNrZW5kIn0=', u'2016-09-22 21:34:40.630801', '6p83amhvtlhglrfv9x4wy4jurbebxuxc')
"GET /external/ HTTP/1.1" 200 1677
(0.000) SELECT @@SQL_AUTO_IS_NULL; args=None
(0.000) SELECT VERSION(); args=None
(0.001) SELECT `django_session`.`session_key`, `django_session`.`session_data`, `django_session`.`expire_date` FROM `django_session` WHERE (`django_session`.`session_key` = '6p83amhvtlhglrfv9x4wy4jurbebxuxc' AND `django_session`.`expire_date` > '2016-09-22 21:24:42.058577'); args=('6p83amhvtlhglrfv9x4wy4jurbebxuxc', u'2016-09-22 21:24:42.058577')
(0.000) SELECT `auth_user`.`id`, `auth_user`.`password`, `auth_user`.`last_login`, `auth_user`.`is_superuser`, `auth_user`.`username`, `auth_user`.`first_name`, `auth_user`.`last_name`, `auth_user`.`email`, `auth_user`.`is_staff`, `auth_user`.`is_active`, `auth_user`.`date_joined` FROM `auth_user` WHERE `auth_user`.`id` = 1; args=(1,)
(0.000) SELECT `internal_systemmanager`.`id`, `internal_systemmanager`.`user_id`, `internal_systemmanager`.`first_name`, `internal_systemmanager`.`last_name`, `internal_systemmanager`.`email`, `internal_systemmanager`.`street_address`, `internal_systemmanager`.`city`, `internal_systemmanager`.`state`, `internal_systemmanager`.`zipcode`, `internal_systemmanager`.`session_key` FROM `internal_systemmanager` WHERE `internal_systemmanager`.`user_id` = 1; args=(1,)
(0.000) SELECT `internal_administrator`.`id`, `internal_administrator`.`user_id`, `internal_administrator`.`first_name`, `internal_administrator`.`last_name`, `internal_administrator`.`email`, `internal_administrator`.`street_address`, `internal_administrator`.`city`, `internal_administrator`.`state`, `internal_administrator`.`zipcode`, `internal_administrator`.`session_key` FROM `internal_administrator` WHERE `internal_administrator`.`user_id` = 1; args=(1,)
(0.000) SELECT `external_individualcustomer`.`id`, `external_individualcustomer`.`user_id`, `external_individualcustomer`.`first_name`, `external_individualcustomer`.`last_name`, `external_individualcustomer`.`email`, `external_individualcustomer`.`street_address`, `external_individualcustomer`.`city`, `external_individualcustomer`.`state`, `external_individualcustomer`.`zipcode`, `external_individualcustomer`.`session_key`, `external_individualcustomer`.`checking_account_id`, `external_individualcustomer`.`credit_card_id`, `external_individualcustomer`.`savings_account_id`, `external_individualcustomer`.`ssn` FROM `external_individualcustomer` WHERE `external_individualcustomer`.`user_id` = 1; args=(1,)
(0.000) SELECT (1) AS `a` FROM `axes_accesslog` WHERE (`axes_accesslog`.`username` = 'john' AND `axes_accesslog`.`logout_time` IS NULL) LIMIT 1; args=(u'john',)
(0.000) SELECT `axes_accesslog`.`id`, `axes_accesslog`.`user_agent`, `axes_accesslog`.`ip_address`, `axes_accesslog`.`username`, `axes_accesslog`.`trusted`, `axes_accesslog`.`http_accept`, `axes_accesslog`.`path_info`, `axes_accesslog`.`attempt_time`, `axes_accesslog`.`logout_time` FROM `axes_accesslog` WHERE (`axes_accesslog`.`username` = 'john' AND `axes_accesslog`.`logout_time` IS NULL) ORDER BY `axes_accesslog`.`attempt_time` DESC LIMIT 1; args=(u'john',)
(0.000) UPDATE `axes_accesslog` SET `user_agent` = 'Mozilla/5.0 (X11; Linux x86_64) AppleWebKit/537.36 (KHTML, like Gecko) Chrome/53.0.2785.116 Safari/537.36', `ip_address` = '127.0.0.1', `username` = 'john', `trusted` = 1, `http_accept` = 'text/html,application/xhtml+xml,application/xml;q=0.9,image/webp,*/*;q=0.8', `path_info` = '/login/validate/', `attempt_time` = '2016-09-22 21:24:40.177477', `logout_time` = '2016-09-22 21:24:42.077059' WHERE `axes_accesslog`.`id` = 25; args=(u'Mozilla/5.0 (X11; Linux x86_64) AppleWebKit/537.36 (KHTML, like Gecko) Chrome/53.0.2785.116 Safari/537.36', u'127.0.0.1', u'john', True, u'text/html,application/xhtml+xml,application/xml;q=0.9,image/webp,*/*;q=0.8', u'/login/validate/', u'2016-09-22 21:24:40.177477', u'2016-09-22 21:24:42.077059', 25)
(0.001) SELECT `django_session`.`session_key`, `django_session`.`session_data`, `django_session`.`expire_date` FROM `django_session` WHERE `django_session`.`session_key` = '6p83amhvtlhglrfv9x4wy4jurbebxuxc'; args=('6p83amhvtlhglrfv9x4wy4jurbebxuxc',)
(0.000) DELETE FROM `django_session` WHERE `django_session`.`session_key` IN ('6p83amhvtlhglrfv9x4wy4jurbebxuxc'); args=(u'6p83amhvtlhglrfv9x4wy4jurbebxuxc',)
"GET /login/signout/ HTTP/1.1" 302 0
Exception while resolving variable 'error_message' in template 'login/signin.html'.
Traceback (most recent call last):
  File "/usr/local/lib/python2.7/dist-packages/django/template/base.py", line 907, in _resolve_lookup
    (bit, current))  # missing attribute
VariableDoesNotExist: Failed lookup for key [error_message] in u'[{\'False\': False, \'None\': None, \'True\': True}, {u\'csrf_token\': <SimpleLazyObject: <function _get_val at 0x7facce81eed8>>, \'user\': <SimpleLazyObject: <django.contrib.auth.models.AnonymousUser object at 0x7facce7eca10>>, \'perms\': <django.contrib.auth.context_processors.PermWrapper object at 0x7facce7ff5d0>, \'DEFAULT_MESSAGE_LEVELS\': {\'DEBUG\': 10, \'INFO\': 20, \'WARNING\': 30, \'SUCCESS\': 25, \'ERROR\': 40}, \'messages\': <django.contrib.messages.storage.fallback.FallbackStorage object at 0x7facce7ec190>, u\'request\': <WSGIRequest: GET \'/login/\'>}, {}, {\'block\': <Block Node: content. Contents: [<TextNode: u\'\\n<h1>Login</h1>\\n\'>, <IfNode>, <TextNode: u\'\\n\\n<form action="\'>, <django.template.defaulttags.URLNode object at 0x7facce800450>, <TextNode: u\'" method="post">\\n\'>, <django.template.defaulttags.CsrfTokenNode object at 0x7facce8004d0>, <TextNode: u\'\\n<label for="username">Us\'>]>}]'
"GET /login/ HTTP/1.1" 200 1719
Exception while resolving variable 'error_message' in template 'login/signin.html'.
Traceback (most recent call last):
  File "/usr/local/lib/python2.7/dist-packages/django/template/base.py", line 907, in _resolve_lookup
    (bit, current))  # missing attribute
VariableDoesNotExist: Failed lookup for key [error_message] in u'[{\'False\': False, \'None\': None, \'True\': True}, {u\'csrf_token\': <SimpleLazyObject: <function _get_val at 0x7facce81ee60>>, \'user\': <SimpleLazyObject: <django.contrib.auth.models.AnonymousUser object at 0x7facce7fff10>>, \'perms\': <django.contrib.auth.context_processors.PermWrapper object at 0x7facce800190>, \'DEFAULT_MESSAGE_LEVELS\': {\'DEBUG\': 10, \'INFO\': 20, \'WARNING\': 30, \'SUCCESS\': 25, \'ERROR\': 40}, \'messages\': <django.contrib.messages.storage.fallback.FallbackStorage object at 0x7facce7ff9d0>, u\'request\': <WSGIRequest: GET \'/favicon.ico/\'>}, {}, {\'block\': <Block Node: content. Contents: [<TextNode: u\'\\n<h1>Login</h1>\\n\'>, <IfNode>, <TextNode: u\'\\n\\n<form action="\'>, <django.template.defaulttags.URLNode object at 0x7facce8008d0>, <TextNode: u\'" method="post">\\n\'>, <django.template.defaulttags.CsrfTokenNode object at 0x7facce800950>, <TextNode: u\'\\n<label for="username">Us\'>]>}]'
"GET /favicon.ico/ HTTP/1.1" 200 1719
Exception while resolving variable 'error_message' in template 'login/signin.html'.
Traceback (most recent call last):
  File "/usr/local/lib/python2.7/dist-packages/django/template/base.py", line 907, in _resolve_lookup
    (bit, current))  # missing attribute
VariableDoesNotExist: Failed lookup for key [error_message] in u'[{\'False\': False, \'None\': None, \'True\': True}, {u\'csrf_token\': <SimpleLazyObject: <function _get_val at 0x7facce81ec08>>, \'user\': <SimpleLazyObject: <django.contrib.auth.models.AnonymousUser object at 0x7facce7ffe50>>, \'perms\': <django.contrib.auth.context_processors.PermWrapper object at 0x7facce803710>, \'DEFAULT_MESSAGE_LEVELS\': {\'DEBUG\': 10, \'INFO\': 20, \'WARNING\': 30, \'SUCCESS\': 25, \'ERROR\': 40}, \'messages\': <django.contrib.messages.storage.fallback.FallbackStorage object at 0x7facce7ffb90>, u\'request\': <WSGIRequest: GET \'/login/\'>}, {}, {\'block\': <Block Node: content. Contents: [<TextNode: u\'\\n<h1>Login</h1>\\n\'>, <IfNode>, <TextNode: u\'\\n\\n<form action="\'>, <django.template.defaulttags.URLNode object at 0x7facce803e50>, <TextNode: u\'" method="post">\\n\'>, <django.template.defaulttags.CsrfTokenNode object at 0x7facce803ed0>, <TextNode: u\'\\n<label for="username">Us\'>]>}]'
"GET /login/ HTTP/1.1" 200 1719
Exception while resolving variable 'error_message' in template 'login/signin.html'.
Traceback (most recent call last):
  File "/usr/local/lib/python2.7/dist-packages/django/template/base.py", line 907, in _resolve_lookup
    (bit, current))  # missing attribute
VariableDoesNotExist: Failed lookup for key [error_message] in u'[{\'False\': False, \'None\': None, \'True\': True}, {u\'csrf_token\': <SimpleLazyObject: <function _get_val at 0x7facce81e0c8>>, \'user\': <SimpleLazyObject: <django.contrib.auth.models.AnonymousUser object at 0x7facce803810>>, \'perms\': <django.contrib.auth.context_processors.PermWrapper object at 0x7facce8031d0>, \'DEFAULT_MESSAGE_LEVELS\': {\'DEBUG\': 10, \'INFO\': 20, \'WARNING\': 30, \'SUCCESS\': 25, \'ERROR\': 40}, \'messages\': <django.contrib.messages.storage.fallback.FallbackStorage object at 0x7facce803050>, u\'request\': <WSGIRequest: GET \'/favicon.ico/\'>}, {}, {\'block\': <Block Node: content. Contents: [<TextNode: u\'\\n<h1>Login</h1>\\n\'>, <IfNode>, <TextNode: u\'\\n\\n<form action="\'>, <django.template.defaulttags.URLNode object at 0x7facce806310>, <TextNode: u\'" method="post">\\n\'>, <django.template.defaulttags.CsrfTokenNode object at 0x7facce806390>, <TextNode: u\'\\n<label for="username">Us\'>]>}]'
"GET /favicon.ico/ HTTP/1.1" 200 1719
Exception while resolving variable 'error_message' in template 'login/signin.html'.
Traceback (most recent call last):
  File "/usr/local/lib/python2.7/dist-packages/django/template/base.py", line 907, in _resolve_lookup
    (bit, current))  # missing attribute
VariableDoesNotExist: Failed lookup for key [error_message] in u'[{\'False\': False, \'None\': None, \'True\': True}, {u\'csrf_token\': <SimpleLazyObject: <function _get_val at 0x7facce81e7d0>>, \'user\': <SimpleLazyObject: <django.contrib.auth.models.AnonymousUser object at 0x7facce803ed0>>, \'perms\': <django.contrib.auth.context_processors.PermWrapper object at 0x7facce800150>, \'DEFAULT_MESSAGE_LEVELS\': {\'DEBUG\': 10, \'INFO\': 20, \'WARNING\': 30, \'SUCCESS\': 25, \'ERROR\': 40}, \'messages\': <django.contrib.messages.storage.fallback.FallbackStorage object at 0x7facce803f10>, u\'request\': <WSGIRequest: GET \'/login/\'>}, {}, {\'block\': <Block Node: content. Contents: [<TextNode: u\'\\n<h1>Login</h1>\\n\'>, <IfNode>, <TextNode: u\'\\n\\n<form action="\'>, <django.template.defaulttags.URLNode object at 0x7facce800890>, <TextNode: u\'" method="post">\\n\'>, <django.template.defaulttags.CsrfTokenNode object at 0x7facce800910>, <TextNode: u\'\\n<label for="username">Us\'>]>}]'
"GET /login/ HTTP/1.1" 200 1719
Exception while resolving variable 'error_message' in template 'login/signin.html'.
Traceback (most recent call last):
  File "/usr/local/lib/python2.7/dist-packages/django/template/base.py", line 907, in _resolve_lookup
    (bit, current))  # missing attribute
VariableDoesNotExist: Failed lookup for key [error_message] in u'[{\'False\': False, \'None\': None, \'True\': True}, {u\'csrf_token\': <SimpleLazyObject: <function _get_val at 0x7facce81ec08>>, \'user\': <SimpleLazyObject: <django.contrib.auth.models.AnonymousUser object at 0x7facce803cd0>>, \'perms\': <django.contrib.auth.context_processors.PermWrapper object at 0x7facce803110>, \'DEFAULT_MESSAGE_LEVELS\': {\'DEBUG\': 10, \'INFO\': 20, \'WARNING\': 30, \'SUCCESS\': 25, \'ERROR\': 40}, \'messages\': <django.contrib.messages.storage.fallback.FallbackStorage object at 0x7facce803510>, u\'request\': <WSGIRequest: GET \'/favicon.ico/\'>}, {}, {\'block\': <Block Node: content. Contents: [<TextNode: u\'\\n<h1>Login</h1>\\n\'>, <IfNode>, <TextNode: u\'\\n\\n<form action="\'>, <django.template.defaulttags.URLNode object at 0x7facce7ff450>, <TextNode: u\'" method="post">\\n\'>, <django.template.defaulttags.CsrfTokenNode object at 0x7facce7eca50>, <TextNode: u\'\\n<label for="username">Us\'>]>}]'
"GET /favicon.ico/ HTTP/1.1" 200 1719
(0.000) SELECT @@SQL_AUTO_IS_NULL; args=None
(0.000) SELECT VERSION(); args=None
(0.001) SHOW FULL TABLES; args=None
(0.000) SELECT `django_migrations`.`app`, `django_migrations`.`name` FROM `django_migrations`; args=()
Exception while resolving variable 'error_message' in template 'login/signin.html'.
Traceback (most recent call last):
  File "/usr/local/lib/python2.7/dist-packages/django/template/base.py", line 907, in _resolve_lookup
    (bit, current))  # missing attribute
VariableDoesNotExist: Failed lookup for key [error_message] in u'[{\'False\': False, \'None\': None, \'True\': True}, {u\'csrf_token\': <SimpleLazyObject: <function _get_val at 0x7f0721631668>>, \'user\': <SimpleLazyObject: <django.contrib.auth.models.AnonymousUser object at 0x7f072160cb50>>, \'perms\': <django.contrib.auth.context_processors.PermWrapper object at 0x7f0721634150>, \'DEFAULT_MESSAGE_LEVELS\': {\'DEBUG\': 10, \'INFO\': 20, \'WARNING\': 30, \'SUCCESS\': 25, \'ERROR\': 40}, \'messages\': <django.contrib.messages.storage.fallback.FallbackStorage object at 0x7f0722668c50>, u\'request\': <WSGIRequest: GET \'/login/\'>}, {}, {\'block\': <Block Node: content. Contents: [<TextNode: u\'\\n<h1>Login</h1>\\n\'>, <IfNode>, <TextNode: u\'\\n\\n<form action="\'>, <django.template.defaulttags.URLNode object at 0x7f0721627750>, <TextNode: u\'" method="post">\\n\'>, <django.template.defaulttags.CsrfTokenNode object at 0x7f07216277d0>, <TextNode: u\'\\n<label for="username">Us\'>]>}]'
"GET /login/ HTTP/1.1" 200 1783
"GET /static/global_templates/style.css HTTP/1.1" 304 0
"GET /favicon.ico HTTP/1.1" 301 0
Exception while resolving variable 'error_message' in template 'login/signin.html'.
Traceback (most recent call last):
  File "/usr/local/lib/python2.7/dist-packages/django/template/base.py", line 907, in _resolve_lookup
    (bit, current))  # missing attribute
VariableDoesNotExist: Failed lookup for key [error_message] in u'[{\'False\': False, \'None\': None, \'True\': True}, {u\'csrf_token\': <SimpleLazyObject: <function _get_val at 0x7f07215901b8>>, \'user\': <SimpleLazyObject: <django.contrib.auth.models.AnonymousUser object at 0x7f072161a710>>, \'perms\': <django.contrib.auth.context_processors.PermWrapper object at 0x7f0721634cd0>, \'DEFAULT_MESSAGE_LEVELS\': {\'DEBUG\': 10, \'INFO\': 20, \'WARNING\': 30, \'SUCCESS\': 25, \'ERROR\': 40}, \'messages\': <django.contrib.messages.storage.fallback.FallbackStorage object at 0x7f0721627810>, u\'request\': <WSGIRequest: GET \'/favicon.ico/\'>}, {}, {\'block\': <Block Node: content. Contents: [<TextNode: u\'\\n<h1>Login</h1>\\n\'>, <IfNode>, <TextNode: u\'\\n\\n<form action="\'>, <django.template.defaulttags.URLNode object at 0x7f0721634e10>, <TextNode: u\'" method="post">\\n\'>, <django.template.defaulttags.CsrfTokenNode object at 0x7f0721634dd0>, <TextNode: u\'\\n<label for="username">Us\'>]>}]'
"GET /favicon.ico/ HTTP/1.1" 200 1783
